+ - - - - - - - - - - - - - - - - - - - - -+
' IO Emulator                              '
'                                          '
' +-----------+         +----------------+ '
' |  IO TEST  | ------> | Emulator Core  | '
' +-----------+         +----------------+ '
'                                          '
+ - - - - - - - - - - - - - - - - - - - - -+
    |                     ^
    |                     |
    v                     |
+ - - - - - - - +     + - - - - - - - - - -+
' CTF           '     ' Emulated Drivers   '
'               '     '                    '
' +-----------+ '     ' +----------------+ '
' |    IO     | ' --> ' |    Driver A    | '
' +-----------+ '     ' +----------------+ '
' +-----------+ '     ' +----------------+ '
' |    LOG    | '     ' |    Driver B    | '
' +-----------+ '     ' +----------------+ '
' +-----------+ '     ' +----------------+ '
' |    ...    | '     ' |      ...       | '
' +-----------+ '     ' +----------------+ '
'               '     '                    '
+ - - - - - - - +     + - - - - - - - - - -+
